[03-Jun-2016 18:11:15 UTC] PHP Warning:  require(/../dbFunctions.php): failed to open stream: No such file or directory in /home/ubuntu/workspace/processing/createDB.php on line 3
[03-Jun-2016 18:11:15 UTC] PHP Stack trace:
[03-Jun-2016 18:11:15 UTC] PHP   1. {main}() /home/ubuntu/workspace/processing/createDB.php:0
[03-Jun-2016 18:11:15 UTC] PHP Fatal error:  require(): Failed opening required '/../dbFunctions.php' (include_path='.:/usr/share/php:/usr/share/pear') in /home/ubuntu/workspace/processing/createDB.php on line 3
[03-Jun-2016 18:11:15 UTC] PHP Stack trace:
[03-Jun-2016 18:11:15 UTC] PHP   1. {main}() /home/ubuntu/workspace/processing/createDB.php:0
[08-Jun-2016 23:04:41 UTC] PHP Warning:  Invalid argument supplied for foreach() in /home/ubuntu/workspace/processing/getclasses.php on line 9
[08-Jun-2016 23:04:41 UTC] PHP Stack trace:
[08-Jun-2016 23:04:41 UTC] PHP   1. {main}() /home/ubuntu/workspace/processing/getclasses.php:0
[08-Jun-2016 23:04:41 UTC] PHP Warning:  Invalid argument supplied for foreach() in /home/ubuntu/workspace/processing/getclasses.php on line 9
[08-Jun-2016 23:04:41 UTC] PHP Stack trace:
[08-Jun-2016 23:04:41 UTC] PHP   1. {main}() /home/ubuntu/workspace/processing/getclasses.php:0
[08-Jun-2016 23:04:41 UTC] PHP Warning:  Invalid argument supplied for foreach() in /home/ubuntu/workspace/processing/getclasses.php on line 9
[08-Jun-2016 23:04:41 UTC] PHP Stack trace:
[08-Jun-2016 23:04:41 UTC] PHP   1. {main}() /home/ubuntu/workspace/processing/getclasses.php:0
[08-Jun-2016 23:04:41 UTC] PHP Warning:  Invalid argument supplied for foreach() in /home/ubuntu/workspace/processing/getclasses.php on line 9
[08-Jun-2016 23:04:41 UTC] PHP Stack trace:
[08-Jun-2016 23:04:41 UTC] PHP   1. {main}() /home/ubuntu/workspace/processing/getclasses.php:0
[08-Jun-2016 23:04:41 UTC] PHP Warning:  Invalid argument supplied for foreach() in /home/ubuntu/workspace/processing/getclasses.php on line 9
[08-Jun-2016 23:04:41 UTC] PHP Stack trace:
[08-Jun-2016 23:04:41 UTC] PHP   1. {main}() /home/ubuntu/workspace/processing/getclasses.php:0
[08-Jun-2016 23:04:41 UTC] PHP Warning:  Invalid argument supplied for foreach() in /home/ubuntu/workspace/processing/getclasses.php on line 9
[08-Jun-2016 23:04:41 UTC] PHP Stack trace:
[08-Jun-2016 23:04:41 UTC] PHP   1. {main}() /home/ubuntu/workspace/processing/getclasses.php:0
[08-Jun-2016 23:04:41 UTC] PHP Warning:  Invalid argument supplied for foreach() in /home/ubuntu/workspace/processing/getclasses.php on line 9
[08-Jun-2016 23:04:41 UTC] PHP Stack trace:
[08-Jun-2016 23:04:41 UTC] PHP   1. {main}() /home/ubuntu/workspace/processing/getclasses.php:0
[08-Jun-2016 23:04:41 UTC] PHP Warning:  Invalid argument supplied for foreach() in /home/ubuntu/workspace/processing/getclasses.php on line 9
[08-Jun-2016 23:04:41 UTC] PHP Stack trace:
[08-Jun-2016 23:04:41 UTC] PHP   1. {main}() /home/ubuntu/workspace/processing/getclasses.php:0
[08-Jun-2016 23:04:41 UTC] PHP Warning:  Invalid argument supplied for foreach() in /home/ubuntu/workspace/processing/getclasses.php on line 9
[08-Jun-2016 23:04:41 UTC] PHP Stack trace:
[08-Jun-2016 23:04:41 UTC] PHP   1. {main}() /home/ubuntu/workspace/processing/getclasses.php:0
[08-Jun-2016 23:04:41 UTC] PHP Warning:  Invalid argument supplied for foreach() in /home/ubuntu/workspace/processing/getclasses.php on line 9
[08-Jun-2016 23:04:41 UTC] PHP Stack trace:
[08-Jun-2016 23:04:41 UTC] PHP   1. {main}() /home/ubuntu/workspace/processing/getclasses.php:0
[08-Jun-2016 23:04:41 UTC] PHP Warning:  Invalid argument supplied for foreach() in /home/ubuntu/workspace/processing/getclasses.php on line 9
[08-Jun-2016 23:04:41 UTC] PHP Stack trace:
[08-Jun-2016 23:04:41 UTC] PHP   1. {main}() /home/ubuntu/workspace/processing/getclasses.php:0
[08-Jun-2016 23:04:41 UTC] PHP Warning:  Invalid argument supplied for foreach() in /home/ubuntu/workspace/processing/getclasses.php on line 9
[08-Jun-2016 23:04:41 UTC] PHP Stack trace:
[08-Jun-2016 23:04:41 UTC] PHP   1. {main}() /home/ubuntu/workspace/processing/getclasses.php:0
